<?xml version="1.0" encoding="UTF-8"?>
<!-- Generated by org.testng.reporters.JUnitReportReporter -->
<testsuite hostname="DESKTOP-0AL4HQ6" failures="0" tests="2" name="com.test.TestNGDepends" time="0.018" errors="0" timestamp="29 May 2018 21:45:56 GMT" skipped="0">
  <testcase classname="com.test.TestNGDepends" name="loginTest" time="0.011"/>
  <testcase classname="com.test.TestNGDepends" name="searchpageTest" time="0.007"/>
</testsuite> <!-- com.test.TestNGDepends -->
