<?xml version="1.0" encoding="UTF-8"?>
<!-- Generated by org.testng.reporters.JUnitReportReporter -->
<testsuite hostname="DESKTOP-0AL4HQ6" failures="0" tests="1" name="com.test.TestNGBasics" time="0.019" errors="0" timestamp="29 May 2018 20:12:04 GMT" skipped="0">
  <testcase classname="com.test.TestNGBasics" name="googleTitleTest" time="0.019"/>
</testsuite> <!-- com.test.TestNGBasics -->
